This is pdfTeX, Version 3.14159265-2.6-1.40.20 (MiKTeX 2.9.7200 64-bit) (preloaded format=pdflatex 2019.10.12)  12 OCT 2019 19:18
entering extended mode
**./sprawozdanie1.tex
(sprawozdanie1.tex
LaTeX2e <2019-10-01>
(D:\PROGRAMY\miktex\tex/latex/base\article.cls
Document Class: article 2019/08/27 v1.4j Standard LaTeX document class
(D:\PROGRAMY\miktex\tex/latex/base\size10.clo
File: size10.clo 2019/08/27 v1.4j Standard LaTeX file (size option)
)
\c@part=\count80
\c@section=\count81
\c@subsection=\count82
\c@subsubsection=\count83
\c@paragraph=\count84
\c@subparagraph=\count85
\c@figure=\count86
\c@table=\count87
\abovecaptionskip=\skip41
\belowcaptionskip=\skip42
\bibindent=\dimen102
) (sprawozdanie1.aux)
\openout1 = `sprawozdanie1.aux'.

LaTeX Font Info:    Checking defaults for OML/cmm/m/it on input line 2.
LaTeX Font Info:    ... okay on input line 2.
LaTeX Font Info:    Checking defaults for T1/cmr/m/n on input line 2.
LaTeX Font Info:    ... okay on input line 2.
LaTeX Font Info:    Checking defaults for OT1/cmr/m/n on input line 2.
LaTeX Font Info:    ... okay on input line 2.
LaTeX Font Info:    Checking defaults for OMS/cmsy/m/n on input line 2.
LaTeX Font Info:    ... okay on input line 2.
LaTeX Font Info:    Checking defaults for OMX/cmex/m/n on input line 2.
LaTeX Font Info:    ... okay on input line 2.
LaTeX Font Info:    Checking defaults for U/cmr/m/n on input line 2.
LaTeX Font Info:    ... okay on input line 2.
 [1

{C:/Users/Pawel1/AppData/Local/MiKTeX/2.9/pdftex/config/pdftex.map}] (sprawozda
nie1.aux) ) 
Here is how much of TeX's memory you used:
 217 strings out of 492452
 2356 string characters out of 3134012
 61431 words of memory out of 3000000
 4662 multiletter control sequences out of 15000+200000
 3640 words of font info for 14 fonts, out of 3000000 for 9000
 1141 hyphenation exceptions out of 8191
 25i,4n,19p,150b,99s stack positions out of 5000i,500n,10000p,200000b,50000s
<D:/PROGRAMY/miktex/fonts/type1/public/amsfonts/cm/cmr10.pfb>
Output written on sprawozdanie1.pdf (1 page, 14912 bytes).
PDF statistics:
 10 PDF objects out of 1000 (max. 8388607)
 0 named destinations out of 1000 (max. 500000)
 1 words of extra memory for PDF output out of 10000 (max. 10000000)

